Flow report for vga
Thu Mar 24 17:35:55 2022
Quartus Prime Version 20.1.1 Build 720 11/11/2020 SJ Lite Edition


---------------------
; Table of Contents ;
---------------------
  1. Legal Notice
  2. Flow Summary
  3. Flow Settings
  4. Flow Non-Default Global Settings
  5. Flow Elapsed Time
  6. Flow OS Summary
  7. Flow Log
  8. Flow Messages
  9. Flow Suppressed Messages



----------------
; Legal Notice ;
----------------
Copyright (C) 2020  Intel Corporation. All rights reserved.
Your use of Intel Corporation's design tools, logic functions 
and other software and tools, and any partner logic 
functions, and any output files from any of the foregoing 
(including device programming or simulation files), and any 
associated documentation or information are expressly subject 
to the terms and conditions of the Intel Program License 
Subscription Agreement, the Intel Quartus Prime License Agreement,
the Intel FPGA IP License Agreement, or other applicable license
agreement, including, without limitation, that your use is for
the sole purpose of programming logic devices manufactured by
Intel and sold by Intel or its authorized distributors.  Please
refer to the applicable agreement for further details, at
https://fpgasoftware.intel.com/eula.



+----------------------------------------------------------------------------------+
; Flow Summary                                                                     ;
+------------------------------------+---------------------------------------------+
; Flow Status                        ; Successful - Thu Mar 24 17:35:49 2022       ;
; Quartus Prime Version              ; 20.1.1 Build 720 11/11/2020 SJ Lite Edition ;
; Revision Name                      ; vga                                         ;
; Top-level Entity Name              ; DE10_LITE_Golden_Top                        ;
; Family                             ; MAX 10                                      ;
; Device                             ; 10M50DAF484C6GES                            ;
; Timing Models                      ; Preliminary                                 ;
; Total logic elements               ; 3,303 / 49,760 ( 7 % )                      ;
;     Total combinational functions  ; 3,264 / 49,760 ( 7 % )                      ;
;     Dedicated logic registers      ; 216 / 49,760 ( < 1 % )                      ;
; Total registers                    ; 216                                         ;
; Total pins                         ; 185 / 360 ( 51 % )                          ;
; Total virtual pins                 ; 0                                           ;
; Total memory bits                  ; 49,152 / 1,677,312 ( 3 % )                  ;
; Embedded Multiplier 9-bit elements ; 0 / 288 ( 0 % )                             ;
; Total PLLs                         ; 1 / 4 ( 25 % )                              ;
; UFM blocks                         ; 0 / 1 ( 0 % )                               ;
; ADC blocks                         ; 0 / 2 ( 0 % )                               ;
+------------------------------------+---------------------------------------------+


+-----------------------------------------+
; Flow Settings                           ;
+-------------------+---------------------+
; Option            ; Setting             ;
+-------------------+---------------------+
; Start date & time ; 03/24/2022 17:34:55 ;
; Main task         ; Compilation         ;
; Revision Name     ; vga                 ;
+-------------------+---------------------+


+----------------------------------------------------------------------------------------------------------------------------------+
; Flow Non-Default Global Settings                                                                                                 ;
+-------------------------------------+----------------------------------------+---------------+----------------------+------------+
; Assignment Name                     ; Value                                  ; Default Value ; Entity Name          ; Section Id ;
+-------------------------------------+----------------------------------------+---------------+----------------------+------------+
; COMPILER_SIGNATURE_ID               ; 193675815500306.164814329507196        ; --            ; --                   ; --         ;
; MAX_CORE_JUNCTION_TEMP              ; 85                                     ; --            ; --                   ; --         ;
; MIN_CORE_JUNCTION_TEMP              ; 0                                      ; --            ; --                   ; --         ;
; MISC_FILE                           ; pll_bb.v                               ; --            ; --                   ; --         ;
; MISC_FILE                           ; pll.cmp                                ; --            ; --                   ; --         ;
; MISC_FILE                           ; pll.ppf                                ; --            ; --                   ; --         ;
; MISC_FILE                           ; dispmem_inst.v                         ; --            ; --                   ; --         ;
; MISC_FILE                           ; dispmem_bb.v                           ; --            ; --                   ; --         ;
; MISC_FILE                           ; dispmem.cmp                            ; --            ; --                   ; --         ;
; MISC_FILE                           ; charrom_bb.v                           ; --            ; --                   ; --         ;
; MISC_FILE                           ; charrom.cmp                            ; --            ; --                   ; --         ;
; OUTPUT_IO_TIMING_FAR_END_VMEAS      ; Half Signal Swing                      ; --            ; --                   ; --         ;
; OUTPUT_IO_TIMING_FAR_END_VMEAS      ; Half Signal Swing                      ; --            ; --                   ; --         ;
; OUTPUT_IO_TIMING_NEAR_END_VMEAS     ; Half Vccio                             ; --            ; --                   ; --         ;
; OUTPUT_IO_TIMING_NEAR_END_VMEAS     ; Half Vccio                             ; --            ; --                   ; --         ;
; PARTITION_COLOR                     ; -- (Not supported for targeted family) ; --            ; DE10_LITE_Golden_Top ; Top        ;
; PARTITION_FITTER_PRESERVATION_LEVEL ; -- (Not supported for targeted family) ; --            ; DE10_LITE_Golden_Top ; Top        ;
; PARTITION_NETLIST_TYPE              ; -- (Not supported for targeted family) ; --            ; DE10_LITE_Golden_Top ; Top        ;
; POWER_BOARD_THERMAL_MODEL           ; None (CONSERVATIVE)                    ; --            ; --                   ; --         ;
; POWER_PRESET_COOLING_SOLUTION       ; 23 MM HEAT SINK WITH 200 LFPM AIRFLOW  ; --            ; --                   ; --         ;
; PROJECT_OUTPUT_DIRECTORY            ; output_files                           ; --            ; --                   ; --         ;
; TOP_LEVEL_ENTITY                    ; DE10_LITE_Golden_Top                   ; vga           ; --                   ; --         ;
+-------------------------------------+----------------------------------------+---------------+----------------------+------------+


+--------------------------------------------------------------------------------------------------------------------------+
; Flow Elapsed Time                                                                                                        ;
+----------------------+--------------+-------------------------+---------------------+------------------------------------+
; Module Name          ; Elapsed Time ; Average Processors Used ; Peak Virtual Memory ; Total CPU Time (on all processors) ;
+----------------------+--------------+-------------------------+---------------------+------------------------------------+
; Analysis & Synthesis ; 00:00:18     ; 1.0                     ; 4907 MB             ; 00:00:28                           ;
; Fitter               ; 00:00:28     ; 1.4                     ; 5810 MB             ; 00:00:46                           ;
; Assembler            ; 00:00:04     ; 1.0                     ; 4705 MB             ; 00:00:02                           ;
; Timing Analyzer      ; 00:00:05     ; 2.0                     ; 4871 MB             ; 00:00:07                           ;
; Total                ; 00:00:55     ; --                      ; --                  ; 00:01:23                           ;
+----------------------+--------------+-------------------------+---------------------+------------------------------------+


+------------------------------------------------------------------------------------+
; Flow OS Summary                                                                    ;
+----------------------+------------------+------------+------------+----------------+
; Module Name          ; Machine Hostname ; OS Name    ; OS Version ; Processor type ;
+----------------------+------------------+------------+------------+----------------+
; Analysis & Synthesis ; Laptop1          ; Windows 10 ; 10.0       ; x86_64         ;
; Fitter               ; Laptop1          ; Windows 10 ; 10.0       ; x86_64         ;
; Assembler            ; Laptop1          ; Windows 10 ; 10.0       ; x86_64         ;
; Timing Analyzer      ; Laptop1          ; Windows 10 ; 10.0       ; x86_64         ;
+----------------------+------------------+------------+------------+----------------+


------------
; Flow Log ;
------------
quartus_map --read_settings_files=on --write_settings_files=off vga -c vga
quartus_fit --read_settings_files=off --write_settings_files=off vga -c vga
quartus_asm --read_settings_files=off --write_settings_files=off vga -c vga
quartus_sta vga -c vga



